1713888785631	geckodriver	INFO	Listening on 127.0.0.1:55193
1713888788681	mozrunner::runner	INFO	Running command: "C:\\Users\\TestITDev\\.cache\\selenium\\firefox\\win64\\125.0.2\\firefox.exe" "--marionette" "--remote-debu ... "--remote-allow-hosts" "localhost" "-no-remote" "-profile" "C:\\Users\\TESTIT~1\\AppData\\Local\\Temp\\rust_mozprofileHM1oSQ"
console.warn: services.settings: Ignoring preference override of remote settings server
console.warn: services.settings: Allow by setting MOZ_REMOTE_SETTINGS_DEVTOOLS=1 in the environment
Dynamically enable window occlusion 0
1713888789008	Marionette	INFO	Marionette enabled
1713888789108	Marionette	INFO	Listening on port 55202
WebDriver BiDi listening on ws://127.0.0.1:55194
Read port: 55202
1713888789428	RemoteAgent	WARN	TLS certificate errors will be ignored for this session
DevTools listening on ws://127.0.0.1:55194/devtools/browser/b7a4eff4-defe-4929-8091-3bc793f51d44
console.error: ({})
console.error: ({})
JavaScript warning: https://acceptation-fm.bcepharma.com/vendor.b5c00dfff1d87fa7e332.chunk.js, line 1: unreachable code after return statement
JavaScript warning: https://acceptation-fm.bcepharma.com/vendor.b5c00dfff1d87fa7e332.chunk.js, line 1: unreachable code after return statement
JavaScript warning: https://acceptation-fm.bcepharma.com/vendor.b5c00dfff1d87fa7e332.chunk.js, line 1: unreachable code after return statement
JavaScript warning: https://acceptation-fm.bcepharma.com/vendor.b5c00dfff1d87fa7e332.chunk.js, line 1: unreachable code after return statement
JavaScript warning: https://acceptation-fm.bcepharma.com/vendor.b5c00dfff1d87fa7e332.chunk.js, line 1: unreachable code after return statement
JavaScript warning: https://acceptation-fm.bcepharma.com/vendor.b5c00dfff1d87fa7e332.chunk.js, line 1: unreachable code after return statement
JavaScript error: https://acceptation-fm.bcepharma.com/vendor.b5c00dfff1d87fa7e332.chunk.js, line 1: Error: Minified React error #200; visit https://reactjs.org/docs/error-decoder.html?invariant=200 for the full message or use the non-minified dev environment for full errors and additional helpful warnings.
Exiting due to channel error.
Exiting due to channel error.
Exiting due to channel error.
Exiting due to channel error.
