1713888909110	geckodriver	INFO	Listening on 127.0.0.1:55407
1713888912164	mozrunner::runner	INFO	Running command: "C:\\Users\\TestITDev\\.cache\\selenium\\firefox\\win64\\125.0.2\\firefox.exe" "--marionette" "--remote-debu ... "--remote-allow-hosts" "localhost" "-no-remote" "-profile" "C:\\Users\\TESTIT~1\\AppData\\Local\\Temp\\rust_mozprofileATGYAF"
console.warn: services.settings: Ignoring preference override of remote settings server
console.warn: services.settings: Allow by setting MOZ_REMOTE_SETTINGS_DEVTOOLS=1 in the environment
Dynamically enable window occlusion 0
1713888912474	Marionette	INFO	Marionette enabled
1713888912571	Marionette	INFO	Listening on port 55416
WebDriver BiDi listening on ws://127.0.0.1:55408
Read port: 55416
1713888912766	RemoteAgent	WARN	TLS certificate errors will be ignored for this session
DevTools listening on ws://127.0.0.1:55408/devtools/browser/7865c26d-1a18-4d14-93f0-cc0c54a18063
console.error: ({})
console.error: ({})
JavaScript warning: https://filemanager.bcepharma.com/vendor.dcdc41f3534374e7bde5.chunk.js, line 1: unreachable code after return statement
JavaScript warning: https://filemanager.bcepharma.com/vendor.dcdc41f3534374e7bde5.chunk.js, line 1: unreachable code after return statement
JavaScript warning: https://filemanager.bcepharma.com/vendor.dcdc41f3534374e7bde5.chunk.js, line 1: unreachable code after return statement
JavaScript warning: https://filemanager.bcepharma.com/vendor.dcdc41f3534374e7bde5.chunk.js, line 1: unreachable code after return statement
JavaScript warning: https://filemanager.bcepharma.com/vendor.dcdc41f3534374e7bde5.chunk.js, line 1: unreachable code after return statement
JavaScript warning: https://filemanager.bcepharma.com/vendor.dcdc41f3534374e7bde5.chunk.js, line 1: unreachable code after return statement
JavaScript error: https://filemanager.bcepharma.com/vendor.dcdc41f3534374e7bde5.chunk.js, line 1: Error: Minified React error #200; visit https://reactjs.org/docs/error-decoder.html?invariant=200 for the full message or use the non-minified dev environment for full errors and additional helpful warnings.
1713888941300	Marionette	INFO	Stopped listening on port 55416
Dynamically enable window occlusion 1
